<?xml version="1.0" encoding="UTF-8"?>
<!-- Generated by org.testng.reporters.JUnitReportReporter -->
<testsuite hostname="LAPTOP-HE3IJ9BH" failures="0" tests="1" name="TestDrive.OTPLoginTest" time="7.129" errors="0" timestamp="2024-03-26T11:13:37 IST" skipped="0">
  <testcase classname="TestDrive.OTPLoginTest" name="OTPLogin" time="7.129"/>
  <system-out/>
</testsuite> <!-- TestDrive.OTPLoginTest -->
