<?xml version="1.0" encoding="UTF-8"?>
<!-- Generated by org.testng.reporters.JUnitReportReporter -->
<testsuite hostname="LAPTOP-HE3IJ9BH" failures="0" tests="1" name="TestDrive.PasswordTest" time="7.193" errors="0" timestamp="2024-03-26T02:47:23 IST" skipped="0">
  <testcase classname="TestDrive.PasswordTest" name="Pass" time="7.193"/>
  <system-out/>
</testsuite> <!-- TestDrive.PasswordTest -->
