<?xml version="1.0" encoding="UTF-8"?>
<!-- Generated by org.testng.reporters.JUnitReportReporter -->
<testsuite hostname="LAPTOP-HE3IJ9BH" failures="0" tests="1" name="TestDrive.OTPLoginTest" time="11.208" errors="0" timestamp="2024-03-26T02:47:23 IST" skipped="0">
  <testcase classname="TestDrive.OTPLoginTest" name="OTPLogin" time="11.208"/>
  <system-out/>
</testsuite> <!-- TestDrive.OTPLoginTest -->
