<?xml version="1.0" encoding="UTF-8"?>
<!-- Generated by org.testng.reporters.JUnitReportReporter -->
<testsuite hostname="LAPTOP-HE3IJ9BH" failures="0" tests="1" name="TestDrive.LoginTest" time="10.161" errors="0" timestamp="2024-03-25T12:17:57 IST" skipped="0">
  <testcase classname="TestDrive.LoginTest" name="Login" time="10.161"/>
  <system-out/>
</testsuite> <!-- TestDrive.LoginTest -->
